<!DOCTYPE html PUBLIC "-//W3C//DTD XHTML 1.1//EN" "https://www.w3.org/TR/xhtml11/DTD/xhtml11.dtd">
<html xmlns="https://www.w3.org/1999/xhtml">
<head>
<meta http-equiv="content-type" content="text/html; charset=UTF-8"/>
<title>TestNG Report</title>
<style type="text/css">table {margin-bottom:10px;border-collapse:collapse;empty-cells:show}th,td {border:1px solid #009;padding:.25em .5em}th {vertical-align:bottom}td {vertical-align:top}table a {font-weight:bold}.stripe td {background-color: #E6EBF9}.num {text-align:right}.passedodd td {background-color: #3F3}.passedeven td {background-color: #0A0}.skippedodd td {background-color: #DDD}.skippedeven td {background-color: #CCC}.failedodd td,.attn {background-color: #F33}.failedeven td,.stripe .attn {background-color: #D00}.stacktrace {white-space:pre;font-family:monospace}.totop {font-size:85%;text-align:center;border-bottom:2px solid #000}.invisible {display:none}</style>
</head>
<body>
<table>
<tr><th>Test</th><th># Passed</th><th># Skipped</th><th># Retried</th><th># Failed</th><th>Time (ms)</th><th>Included Groups</th><th>Excluded Groups</th></tr>
<tr><th colspan="8">Suite</th></tr>
<tr><td><a href="#t0">Test</a></td><td class="num">6</td><td class="num">0</td><td class="num">0</td><td class="num attn">4</td><td class="num">133,183</td><td></td><td></td></tr>
</table>
<table id='summary'><thead><tr><th>Class</th><th>Method</th><th>Start</th><th>Time (ms)</th></tr></thead><tbody><tr><th colspan="4">Suite</th></tr></tbody><tbody id="t0"><tr><th colspan="4">Test &#8212; failed</th></tr><tr class="failedeven"><td rowspan="4">endtoend.Create_Edit_delete_waitlist</td><td><a href="#m0">checkHistory</a></td><td rowspan="1">1705556415245</td><td rowspan="1">10102</td></tr><tr class="failedeven"><td><a href="#m1">deleteParty</a></td><td rowspan="1">1705556405035</td><td rowspan="1">10082</td></tr><tr class="failedeven"><td><a href="#m2">editParty</a></td><td rowspan="1">1705556443641</td><td rowspan="1">10088</td></tr><tr class="failedeven"><td><a href="#m3">restoreParty</a></td><td rowspan="1">1705556425453</td><td rowspan="1">18065</td></tr><tr><th colspan="4">Test &#8212; passed</th></tr><tr class="passedeven"><td rowspan="5">endtoend.CreateEditDeleteEtaWaitlist</td><td><a href="#m4">checkHistory</a></td><td rowspan="1">1705556488836</td><td rowspan="1">8895</td></tr><tr class="passedeven"><td><a href="#m5">createWaitList</a></td><td rowspan="1">1705556462128</td><td rowspan="1">10126</td></tr><tr class="passedeven"><td><a href="#m6">deleteParty</a></td><td rowspan="1">1705556472265</td><td rowspan="1">16568</td></tr><tr class="passedeven"><td><a href="#m7">editParty</a></td><td rowspan="1">1705556510903</td><td rowspan="1">3665</td></tr><tr class="passedeven"><td><a href="#m8">restoreParty</a></td><td rowspan="1">1705556497733</td><td rowspan="1">13168</td></tr><tr class="passedodd"><td rowspan="1">endtoend.Create_Edit_delete_waitlist</td><td><a href="#m9">createWaitList</a></td><td rowspan="1">1705556392386</td><td rowspan="1">12632</td></tr></tbody>
</table>
<h2>Test</h2><h3 id="m0">endtoend.Create_Edit_delete_waitlist#checkHistory</h3><table class="result"><tr class="param"><th>Parameter #1</th><th>Parameter #2</th><th>Parameter #3</th></tr><tr class="param stripe"><td>Smith</td><td>564582549</td><td>Smith@yopmail.com</td></tr><tr><th colspan="3">Messages</th></tr><tr><td colspan="3"><div class="messages"><a href='C:\Users\wbox42\eclipse-workspace\WaitListMe\target\surefire-reports\failure_screenshots\checkHistory_18_01_2024_11_10_25.png'> <img src='C:\Users\wbox42\eclipse-workspace\WaitListMe\target\surefire-reports\failure_screenshots\checkHistory_18_01_2024_11_10_25.png' height='100' width='100'/> </a></div></td></tr><tr><th colspan="3">Exception</th></tr><tr><td colspan="3"><div class="stacktrace">org.openqa.selenium.NoSuchElementException: no such element: Unable to locate element: {&quot;method&quot;:&quot;xpath&quot;,&quot;selector&quot;:&quot;//span[text()=&apos;Robert&apos;]&quot;}
  (Session info: chrome=120.0.6099.217)
For documentation on this error, please visit: https://www.selenium.dev/documentation/webdriver/troubleshooting/errors#no-such-element-exception
Build info: version: &apos;4.15.0&apos;, revision: &apos;1d14b5521b&apos;
System info: os.name: &apos;Windows 10&apos;, os.arch: &apos;amd64&apos;, os.version: &apos;10.0&apos;, java.version: &apos;17.0.9&apos;
Driver info: org.openqa.selenium.chrome.ChromeDriver
Command: [88a9861332e7ec444efc2bbdc74417ad, findElement {using=xpath, value=//span[text()=&apos;Robert&apos;]}]
Capabilities {acceptInsecureCerts: false, browserName: chrome, browserVersion: 120.0.6099.217, chrome: {chromedriverVersion: 120.0.6099.109 (3419140ab66..., userDataDir: C:\Users\wbox42\AppData\Loc...}, fedcm:accounts: true, goog:chromeOptions: {debuggerAddress: localhost:64220}, networkConnectionEnabled: false, pageLoadStrategy: normal, platformName: windows, proxy: Proxy(), se:cdp: ws://localhost:64220/devtoo..., se:cdpVersion: 120.0.6099.217, setWindowRect: true, strictFileInteractability: false, timeouts: {implicit: 0, pageLoad: 300000, script: 30000}, unhandledPromptBehavior: dismiss and notify, webauthn:extension:credBlob: true, webauthn:extension:largeBlob: true, webauthn:extension:minPinLength: true, webauthn:extension:prf: true, webauthn:virtualAuthenticators: true}
Session ID: 88a9861332e7ec444efc2bbdc74417ad
	at org.openqa.selenium.remote.codec.w3c.W3CHttpResponseCodec.createException(W3CHttpResponseCodec.java:200)
	at org.openqa.selenium.remote.codec.w3c.W3CHttpResponseCodec.decode(W3CHttpResponseCodec.java:133)
	at org.openqa.selenium.remote.codec.w3c.W3CHttpResponseCodec.decode(W3CHttpResponseCodec.java:52)
	at org.openqa.selenium.remote.HttpCommandExecutor.execute(HttpCommandExecutor.java:191)
	at org.openqa.selenium.remote.service.DriverCommandExecutor.invokeExecute(DriverCommandExecutor.java:200)
	at org.openqa.selenium.remote.service.DriverCommandExecutor.execute(DriverCommandExecutor.java:175)
	at org.openqa.selenium.remote.RemoteWebDriver.execute(RemoteWebDriver.java:607)
	at org.openqa.selenium.remote.ElementLocation$ElementFinder$2.findElement(ElementLocation.java:165)
	at org.openqa.selenium.remote.ElementLocation.findElement(ElementLocation.java:59)
	at org.openqa.selenium.remote.RemoteWebDriver.findElement(RemoteWebDriver.java:364)
	at org.openqa.selenium.remote.RemoteWebDriver.findElement(RemoteWebDriver.java:358)
	at endtoend.Create_Edit_delete_waitlist.checkHistory(Create_Edit_delete_waitlist.java:111)
	at java.base/java.util.ArrayList.forEach(ArrayList.java:1511)
... Removed 32 stack frames</div></td></tr></table><p class="totop"><a href="#summary">back to summary</a></p>
<h3 id="m1">endtoend.Create_Edit_delete_waitlist#deleteParty</h3><table class="result"><tr class="param"><th>Parameter #1</th><th>Parameter #2</th><th>Parameter #3</th></tr><tr class="param stripe"><td>Smith</td><td>564582549</td><td>Smith@yopmail.com</td></tr><tr><th colspan="3">Messages</th></tr><tr><td colspan="3"><div class="messages"><a href='C:\Users\wbox42\eclipse-workspace\WaitListMe\target\surefire-reports\failure_screenshots\deleteParty_18_01_2024_11_10_15.png'> <img src='C:\Users\wbox42\eclipse-workspace\WaitListMe\target\surefire-reports\failure_screenshots\deleteParty_18_01_2024_11_10_15.png' height='100' width='100'/> </a></div></td></tr><tr><th colspan="3">Exception</th></tr><tr><td colspan="3"><div class="stacktrace">org.openqa.selenium.NoSuchElementException: no such element: Unable to locate element: {&quot;method&quot;:&quot;xpath&quot;,&quot;selector&quot;:&quot;//td[text()=&apos;Robert&apos;]/span[text()=&apos;4568972842&apos;]&quot;}
  (Session info: chrome=120.0.6099.217)
For documentation on this error, please visit: https://www.selenium.dev/documentation/webdriver/troubleshooting/errors#no-such-element-exception
Build info: version: &apos;4.15.0&apos;, revision: &apos;1d14b5521b&apos;
System info: os.name: &apos;Windows 10&apos;, os.arch: &apos;amd64&apos;, os.version: &apos;10.0&apos;, java.version: &apos;17.0.9&apos;
Driver info: org.openqa.selenium.chrome.ChromeDriver
Command: [88a9861332e7ec444efc2bbdc74417ad, findElement {using=xpath, value=//td[text()=&apos;Robert&apos;]/span[text()=&apos;4568972842&apos;]}]
Capabilities {acceptInsecureCerts: false, browserName: chrome, browserVersion: 120.0.6099.217, chrome: {chromedriverVersion: 120.0.6099.109 (3419140ab66..., userDataDir: C:\Users\wbox42\AppData\Loc...}, fedcm:accounts: true, goog:chromeOptions: {debuggerAddress: localhost:64220}, networkConnectionEnabled: false, pageLoadStrategy: normal, platformName: windows, proxy: Proxy(), se:cdp: ws://localhost:64220/devtoo..., se:cdpVersion: 120.0.6099.217, setWindowRect: true, strictFileInteractability: false, timeouts: {implicit: 0, pageLoad: 300000, script: 30000}, unhandledPromptBehavior: dismiss and notify, webauthn:extension:credBlob: true, webauthn:extension:largeBlob: true, webauthn:extension:minPinLength: true, webauthn:extension:prf: true, webauthn:virtualAuthenticators: true}
Session ID: 88a9861332e7ec444efc2bbdc74417ad
	at org.openqa.selenium.remote.codec.w3c.W3CHttpResponseCodec.createException(W3CHttpResponseCodec.java:200)
	at org.openqa.selenium.remote.codec.w3c.W3CHttpResponseCodec.decode(W3CHttpResponseCodec.java:133)
	at org.openqa.selenium.remote.codec.w3c.W3CHttpResponseCodec.decode(W3CHttpResponseCodec.java:52)
	at org.openqa.selenium.remote.HttpCommandExecutor.execute(HttpCommandExecutor.java:191)
	at org.openqa.selenium.remote.service.DriverCommandExecutor.invokeExecute(DriverCommandExecutor.java:200)
	at org.openqa.selenium.remote.service.DriverCommandExecutor.execute(DriverCommandExecutor.java:175)
	at org.openqa.selenium.remote.RemoteWebDriver.execute(RemoteWebDriver.java:607)
	at org.openqa.selenium.remote.ElementLocation$ElementFinder$2.findElement(ElementLocation.java:165)
	at org.openqa.selenium.remote.ElementLocation.findElement(ElementLocation.java:59)
	at org.openqa.selenium.remote.RemoteWebDriver.findElement(RemoteWebDriver.java:364)
	at org.openqa.selenium.remote.RemoteWebDriver.findElement(RemoteWebDriver.java:358)
	at endtoend.Create_Edit_delete_waitlist.deleteParty(Create_Edit_delete_waitlist.java:94)
	at java.base/java.util.ArrayList.forEach(ArrayList.java:1511)
... Removed 32 stack frames</div></td></tr></table><p class="totop"><a href="#summary">back to summary</a></p>
<h3 id="m2">endtoend.Create_Edit_delete_waitlist#editParty</h3><table class="result"><tr class="param"><th>Parameter #1</th><th>Parameter #2</th><th>Parameter #3</th></tr><tr class="param stripe"><td>Smith</td><td>564582549</td><td>Smith@yopmail.com</td></tr><tr><th colspan="3">Messages</th></tr><tr><td colspan="3"><div class="messages"><a href='C:\Users\wbox42\eclipse-workspace\WaitListMe\target\surefire-reports\failure_screenshots\editParty_18_01_2024_11_10_53.png'> <img src='C:\Users\wbox42\eclipse-workspace\WaitListMe\target\surefire-reports\failure_screenshots\editParty_18_01_2024_11_10_53.png' height='100' width='100'/> </a></div></td></tr><tr><th colspan="3">Exception</th></tr><tr><td colspan="3"><div class="stacktrace">org.openqa.selenium.NoSuchElementException: no such element: Unable to locate element: {&quot;method&quot;:&quot;css selector&quot;,&quot;selector&quot;:&quot;*[name=&apos;name&apos;]&quot;}
  (Session info: chrome=120.0.6099.217)
For documentation on this error, please visit: https://www.selenium.dev/documentation/webdriver/troubleshooting/errors#no-such-element-exception
Build info: version: &apos;4.15.0&apos;, revision: &apos;1d14b5521b&apos;
System info: os.name: &apos;Windows 10&apos;, os.arch: &apos;amd64&apos;, os.version: &apos;10.0&apos;, java.version: &apos;17.0.9&apos;
Driver info: org.openqa.selenium.chrome.ChromeDriver
Command: [88a9861332e7ec444efc2bbdc74417ad, findElement {using=name, value=name}]
Capabilities {acceptInsecureCerts: false, browserName: chrome, browserVersion: 120.0.6099.217, chrome: {chromedriverVersion: 120.0.6099.109 (3419140ab66..., userDataDir: C:\Users\wbox42\AppData\Loc...}, fedcm:accounts: true, goog:chromeOptions: {debuggerAddress: localhost:64220}, networkConnectionEnabled: false, pageLoadStrategy: normal, platformName: windows, proxy: Proxy(), se:cdp: ws://localhost:64220/devtoo..., se:cdpVersion: 120.0.6099.217, setWindowRect: true, strictFileInteractability: false, timeouts: {implicit: 0, pageLoad: 300000, script: 30000}, unhandledPromptBehavior: dismiss and notify, webauthn:extension:credBlob: true, webauthn:extension:largeBlob: true, webauthn:extension:minPinLength: true, webauthn:extension:prf: true, webauthn:virtualAuthenticators: true}
Session ID: 88a9861332e7ec444efc2bbdc74417ad
	at org.openqa.selenium.remote.codec.w3c.W3CHttpResponseCodec.createException(W3CHttpResponseCodec.java:200)
	at org.openqa.selenium.remote.codec.w3c.W3CHttpResponseCodec.decode(W3CHttpResponseCodec.java:133)
	at org.openqa.selenium.remote.codec.w3c.W3CHttpResponseCodec.decode(W3CHttpResponseCodec.java:52)
	at org.openqa.selenium.remote.HttpCommandExecutor.execute(HttpCommandExecutor.java:191)
	at org.openqa.selenium.remote.service.DriverCommandExecutor.invokeExecute(DriverCommandExecutor.java:200)
	at org.openqa.selenium.remote.service.DriverCommandExecutor.execute(DriverCommandExecutor.java:175)
	at org.openqa.selenium.remote.RemoteWebDriver.execute(RemoteWebDriver.java:607)
	at org.openqa.selenium.remote.ElementLocation$ElementFinder$2.findElement(ElementLocation.java:165)
	at org.openqa.selenium.remote.ElementLocation.findElement(ElementLocation.java:59)
	at org.openqa.selenium.remote.RemoteWebDriver.findElement(RemoteWebDriver.java:364)
	at org.openqa.selenium.remote.RemoteWebDriver.findElement(RemoteWebDriver.java:358)
	at org.openqa.selenium.support.pagefactory.DefaultElementLocator.findElement(DefaultElementLocator.java:68)
	at org.openqa.selenium.support.pagefactory.internal.LocatingElementHandler.invoke(LocatingElementHandler.java:38)
	at jdk.proxy2/jdk.proxy2.$Proxy29.clear(Unknown Source)
	at endtoend.Create_Edit_delete_waitlist.editParty(Create_Edit_delete_waitlist.java:135)
	at java.base/java.util.ArrayList.forEach(ArrayList.java:1511)
... Removed 32 stack frames</div></td></tr></table><p class="totop"><a href="#summary">back to summary</a></p>
<h3 id="m3">endtoend.Create_Edit_delete_waitlist#restoreParty</h3><table class="result"><tr class="param"><th>Parameter #1</th><th>Parameter #2</th><th>Parameter #3</th></tr><tr class="param stripe"><td>Smith</td><td>564582549</td><td>Smith@yopmail.com</td></tr><tr><th colspan="3">Messages</th></tr><tr><td colspan="3"><div class="messages"><a href='C:\Users\wbox42\eclipse-workspace\WaitListMe\target\surefire-reports\failure_screenshots\restoreParty_18_01_2024_11_10_43.png'> <img src='C:\Users\wbox42\eclipse-workspace\WaitListMe\target\surefire-reports\failure_screenshots\restoreParty_18_01_2024_11_10_43.png' height='100' width='100'/> </a></div></td></tr><tr><th colspan="3">Exception</th></tr><tr><td colspan="3"><div class="stacktrace">org.openqa.selenium.NoSuchElementException: no such element: Unable to locate element: {&quot;method&quot;:&quot;xpath&quot;,&quot;selector&quot;:&quot;//td[text()=&apos;Robert&apos;]/span[text()=&apos;4568972842&apos;]&quot;}
  (Session info: chrome=120.0.6099.217)
For documentation on this error, please visit: https://www.selenium.dev/documentation/webdriver/troubleshooting/errors#no-such-element-exception
Build info: version: &apos;4.15.0&apos;, revision: &apos;1d14b5521b&apos;
System info: os.name: &apos;Windows 10&apos;, os.arch: &apos;amd64&apos;, os.version: &apos;10.0&apos;, java.version: &apos;17.0.9&apos;
Driver info: org.openqa.selenium.chrome.ChromeDriver
Command: [88a9861332e7ec444efc2bbdc74417ad, findElement {using=xpath, value=//td[text()=&apos;Robert&apos;]/span[text()=&apos;4568972842&apos;]}]
Capabilities {acceptInsecureCerts: false, browserName: chrome, browserVersion: 120.0.6099.217, chrome: {chromedriverVersion: 120.0.6099.109 (3419140ab66..., userDataDir: C:\Users\wbox42\AppData\Loc...}, fedcm:accounts: true, goog:chromeOptions: {debuggerAddress: localhost:64220}, networkConnectionEnabled: false, pageLoadStrategy: normal, platformName: windows, proxy: Proxy(), se:cdp: ws://localhost:64220/devtoo..., se:cdpVersion: 120.0.6099.217, setWindowRect: true, strictFileInteractability: false, timeouts: {implicit: 0, pageLoad: 300000, script: 30000}, unhandledPromptBehavior: dismiss and notify, webauthn:extension:credBlob: true, webauthn:extension:largeBlob: true, webauthn:extension:minPinLength: true, webauthn:extension:prf: true, webauthn:virtualAuthenticators: true}
Session ID: 88a9861332e7ec444efc2bbdc74417ad
	at org.openqa.selenium.remote.codec.w3c.W3CHttpResponseCodec.createException(W3CHttpResponseCodec.java:200)
	at org.openqa.selenium.remote.codec.w3c.W3CHttpResponseCodec.decode(W3CHttpResponseCodec.java:133)
	at org.openqa.selenium.remote.codec.w3c.W3CHttpResponseCodec.decode(W3CHttpResponseCodec.java:52)
	at org.openqa.selenium.remote.HttpCommandExecutor.execute(HttpCommandExecutor.java:191)
	at org.openqa.selenium.remote.service.DriverCommandExecutor.invokeExecute(DriverCommandExecutor.java:200)
	at org.openqa.selenium.remote.service.DriverCommandExecutor.execute(DriverCommandExecutor.java:175)
	at org.openqa.selenium.remote.RemoteWebDriver.execute(RemoteWebDriver.java:607)
	at org.openqa.selenium.remote.ElementLocation$ElementFinder$2.findElement(ElementLocation.java:165)
	at org.openqa.selenium.remote.ElementLocation.findElement(ElementLocation.java:59)
	at org.openqa.selenium.remote.RemoteWebDriver.findElement(RemoteWebDriver.java:364)
	at org.openqa.selenium.remote.RemoteWebDriver.findElement(RemoteWebDriver.java:358)
	at endtoend.Create_Edit_delete_waitlist.restoreParty(Create_Edit_delete_waitlist.java:123)
	at java.base/java.util.ArrayList.forEach(ArrayList.java:1511)
... Removed 32 stack frames</div></td></tr></table><p class="totop"><a href="#summary">back to summary</a></p>
<h3 id="m4">endtoend.CreateEditDeleteEtaWaitlist#checkHistory</h3><table class="result"><tr class="param"><th>Parameter #1</th><th>Parameter #2</th><th>Parameter #3</th></tr><tr class="param stripe"><td>Richard</td><td>654879879</td><td>Richard@yopmail.com</td></tr></table><p class="totop"><a href="#summary">back to summary</a></p>
<h3 id="m5">endtoend.CreateEditDeleteEtaWaitlist#createWaitList</h3><table class="result"><tr class="param"><th>Parameter #1</th><th>Parameter #2</th><th>Parameter #3</th></tr><tr class="param stripe"><td>Richard</td><td>654879879</td><td>Richard@yopmail.com</td></tr></table><p class="totop"><a href="#summary">back to summary</a></p>
<h3 id="m6">endtoend.CreateEditDeleteEtaWaitlist#deleteParty</h3><table class="result"><tr class="param"><th>Parameter #1</th><th>Parameter #2</th><th>Parameter #3</th></tr><tr class="param stripe"><td>Richard</td><td>654879879</td><td>Richard@yopmail.com</td></tr></table><p class="totop"><a href="#summary">back to summary</a></p>
<h3 id="m7">endtoend.CreateEditDeleteEtaWaitlist#editParty</h3><table class="result"><tr class="param"><th>Parameter #1</th><th>Parameter #2</th><th>Parameter #3</th></tr><tr class="param stripe"><td>Richard</td><td>654879879</td><td>Richard@yopmail.com</td></tr></table><p class="totop"><a href="#summary">back to summary</a></p>
<h3 id="m8">endtoend.CreateEditDeleteEtaWaitlist#restoreParty</h3><table class="result"><tr class="param"><th>Parameter #1</th><th>Parameter #2</th><th>Parameter #3</th></tr><tr class="param stripe"><td>Richard</td><td>654879879</td><td>Richard@yopmail.com</td></tr></table><p class="totop"><a href="#summary">back to summary</a></p>
<h3 id="m9">endtoend.Create_Edit_delete_waitlist#createWaitList</h3><table class="result"><tr class="param"><th>Parameter #1</th><th>Parameter #2</th><th>Parameter #3</th></tr><tr class="param stripe"><td>Smith</td><td>564582549</td><td>Smith@yopmail.com</td></tr></table><p class="totop"><a href="#summary">back to summary</a></p>
</body>
</html>
